Jul 27 19:56:49 Kuntputer systemd-logind[158]: New seat seat0.
Jul 27 19:56:52 Kuntputer login[513]: pam_unix(login:session): session opened for user root(uid=0) by (uid=0)
Jul 27 19:56:52 Kuntputer systemd-logind[158]: New session 1 of user root.
Jul 27 19:56:52 Kuntputer systemd: pam_unix(systemd-user:session): session opened for user root(uid=0) by (uid=0)
Jul 27 19:56:52 Kuntputer groupadd[539]: group added to /etc/group: name=alekzandar, GID=1000
Jul 27 19:56:52 Kuntputer groupadd[539]: group added to /etc/gshadow: name=alekzandar
Jul 27 19:56:52 Kuntputer groupadd[539]: new group: name=alekzandar, GID=1000
Jul 27 19:56:52 Kuntputer useradd[545]: new user: name=alekzandar, UID=1000, GID=1000, home=/home/alekzandar, shell=/bin/bash, from=/dev/pts/0
Jul 27 19:56:53 Kuntputer login[548]: ROOT LOGIN  on '/dev/pts/1'
Jul 27 19:57:11 Kuntputer passwd[562]: pam_unix(passwd:chauthtok): password changed for alekzandar
Jul 27 19:57:11 Kuntputer chfn[580]: changed user 'alekzandar' information
Jul 27 19:57:11 Kuntputer usermod[592]: add 'alekzandar' to group 'adm'
Jul 27 19:57:11 Kuntputer usermod[592]: add 'alekzandar' to group 'dialout'
Jul 27 19:57:11 Kuntputer usermod[592]: add 'alekzandar' to group 'cdrom'
Jul 27 19:57:11 Kuntputer usermod[592]: add 'alekzandar' to group 'floppy'
Jul 27 19:57:11 Kuntputer usermod[592]: add 'alekzandar' to group 'sudo'
Jul 27 19:57:11 Kuntputer usermod[592]: add 'alekzandar' to group 'audio'
Jul 27 19:57:11 Kuntputer usermod[592]: add 'alekzandar' to group 'dip'
Jul 27 19:57:11 Kuntputer usermod[592]: add 'alekzandar' to group 'video'
Jul 27 19:57:11 Kuntputer usermod[592]: add 'alekzandar' to group 'plugdev'
Jul 27 19:57:11 Kuntputer usermod[592]: add 'alekzandar' to group 'netdev'
Jul 27 19:57:11 Kuntputer usermod[592]: add 'alekzandar' to shadow group 'adm'
Jul 27 19:57:11 Kuntputer usermod[592]: add 'alekzandar' to shadow group 'dialout'
Jul 27 19:57:11 Kuntputer usermod[592]: add 'alekzandar' to shadow group 'cdrom'
Jul 27 19:57:11 Kuntputer usermod[592]: add 'alekzandar' to shadow group 'floppy'
Jul 27 19:57:11 Kuntputer usermod[592]: add 'alekzandar' to shadow group 'sudo'
Jul 27 19:57:11 Kuntputer usermod[592]: add 'alekzandar' to shadow group 'audio'
Jul 27 19:57:11 Kuntputer usermod[592]: add 'alekzandar' to shadow group 'dip'
Jul 27 19:57:11 Kuntputer usermod[592]: add 'alekzandar' to shadow group 'video'
Jul 27 19:57:11 Kuntputer usermod[592]: add 'alekzandar' to shadow group 'plugdev'
Jul 27 19:57:11 Kuntputer usermod[592]: add 'alekzandar' to shadow group 'netdev'
Jul 27 19:57:11 Kuntputer systemd-logind[140]: New seat seat0.
Jul 27 19:57:12 Kuntputer login[363]: pam_unix(login:session): session opened for user alekzandar(uid=1000) by (uid=0)
Jul 27 19:57:13 Kuntputer systemd-logind[140]: New session 3 of user alekzandar.
Jul 27 19:57:13 Kuntputer systemd: pam_unix(systemd-user:session): session opened for user alekzandar(uid=1000) by (uid=0)
Jul 27 20:17:01 Kuntputer CRON[851]: pam_unix(cron:session): session opened for user root(uid=0) by (uid=0)
Jul 27 20:17:01 Kuntputer CRON[851]: pam_unix(cron:session): session closed for user root
Jul 27 20:42:25 Kuntputer sudo: pam_unix(sudo:auth): conversation failed
Jul 27 20:42:25 Kuntputer sudo: pam_unix(sudo:auth): auth could not identify password for [alekzandar]
Jul 27 20:52:58 Kuntputer sudo: pam_unix(sudo:auth): authentication failure; logname= uid=1000 euid=0 tty=/dev/pts/0 ruser=alekzandar rhost=  user=alekzandar
Jul 27 20:53:10 Kuntputer sudo: alekzandar : 3 incorrect password attempts ; TTY=pts/0 ; PWD=/mnt/c/Users/Alekz/Projects/Exploratory/Bash_Scripting/Intro ; USER=root ; COMMAND=/usr/bin/apt remove htop
Jul 27 20:54:08 Kuntputer sudo: pam_unix(sudo:auth): authentication failure; logname= uid=1000 euid=0 tty=/dev/pts/0 ruser=alekzandar rhost=  user=alekzandar
Jul 27 20:54:10 Kuntputer sudo: pam_unix(sudo:auth): conversation failed
Jul 27 20:54:10 Kuntputer sudo: pam_unix(sudo:auth): auth could not identify password for [alekzandar]
Jul 27 20:54:10 Kuntputer sudo: alekzandar : 1 incorrect password attempt ; TTY=pts/0 ; PWD=/mnt/c/Users/Alekz/Projects/Exploratory/Bash_Scripting/Intro ; USER=root ; COMMAND=/usr/bin/apt install notexist
Jul 27 20:56:08 Kuntputer sudo: alekzandar : TTY=pts/0 ; PWD=/mnt/c/Users/Alekz/Projects/Exploratory/Bash_Scripting/Intro ; USER=root ; COMMAND=/usr/bin/apt remove htop
Jul 27 20:56:08 Kuntputer sudo: pam_unix(sudo:session): session opened for user root(uid=0) by (uid=1000)
Jul 27 20:56:19 Kuntputer sudo: pam_unix(sudo:session): session closed for user root
Jul 27 20:56:30 Kuntputer sudo: alekzandar : TTY=pts/0 ; PWD=/mnt/c/Users/Alekz/Projects/Exploratory/Bash_Scripting/Intro ; USER=root ; COMMAND=/usr/bin/apt install htop
Jul 27 20:56:30 Kuntputer sudo: pam_unix(sudo:session): session opened for user root(uid=0) by (uid=1000)
Jul 27 20:56:31 Kuntputer sudo: pam_unix(sudo:session): session closed for user root
Jul 27 20:57:04 Kuntputer sudo: alekzandar : TTY=pts/0 ; PWD=/mnt/c/Users/Alekz/Projects/Exploratory/Bash_Scripting/Intro ; USER=root ; COMMAND=/usr/bin/apt install htop
Jul 27 20:57:04 Kuntputer sudo: pam_unix(sudo:session): session opened for user root(uid=0) by (uid=1000)
Jul 27 20:57:05 Kuntputer sudo: pam_unix(sudo:session): session closed for user root
Jul 27 20:58:38 Kuntputer sudo: alekzandar : TTY=pts/0 ; PWD=/mnt/c/Users/Alekz/Projects/Exploratory/Bash_Scripting/Intro ; USER=root ; COMMAND=/usr/bin/apt remove htop
Jul 27 20:58:38 Kuntputer sudo: pam_unix(sudo:session): session opened for user root(uid=0) by (uid=1000)
Jul 27 20:58:40 Kuntputer sudo: pam_unix(sudo:session): session closed for user root
Jul 27 20:58:47 Kuntputer sudo: alekzandar : TTY=pts/0 ; PWD=/mnt/c/Users/Alekz/Projects/Exploratory/Bash_Scripting/Intro ; USER=root ; COMMAND=/usr/bin/apt install htop
Jul 27 20:58:47 Kuntputer sudo: pam_unix(sudo:session): session opened for user root(uid=0) by (uid=1000)
Jul 27 20:58:48 Kuntputer sudo: pam_unix(sudo:session): session closed for user root
Jul 27 20:59:47 Kuntputer sudo: alekzandar : TTY=pts/0 ; PWD=/mnt/c/Users/Alekz/Projects/Exploratory/Bash_Scripting/Intro ; USER=root ; COMMAND=/usr/bin/apt install doesnotexist
Jul 27 20:59:47 Kuntputer sudo: pam_unix(sudo:session): session opened for user root(uid=0) by (uid=1000)
Jul 27 20:59:47 Kuntputer sudo: pam_unix(sudo:session): session closed for user root
Jul 27 21:17:01 Kuntputer CRON[1719]: pam_unix(cron:session): session opened for user root(uid=0) by (uid=0)
Jul 27 21:17:01 Kuntputer CRON[1719]: pam_unix(cron:session): session closed for user root
Jul 28 00:11:37 Kuntputer login[4589]: pam_unix(login:session): session opened for user root(uid=0) by (uid=0)
Jul 28 00:11:37 Kuntputer systemd-logind[140]: New session 7 of user root.
Jul 28 00:11:37 Kuntputer systemd: pam_unix(systemd-user:session): session opened for user root(uid=0) by (uid=0)
Jul 28 00:11:37 Kuntputer groupadd[4618]: group added to /etc/group: name=docker, GID=1001
Jul 28 00:11:37 Kuntputer groupadd[4618]: group added to /etc/gshadow: name=docker
Jul 28 00:11:37 Kuntputer groupadd[4618]: new group: name=docker, GID=1001
Jul 28 00:11:37 Kuntputer login[4630]: ROOT LOGIN  on '/dev/pts/4'
Jul 28 00:11:37 Kuntputer gpasswd[4629]: user alekzandar added by root to group docker
Jul 28 00:17:01 Kuntputer CRON[6288]: pam_unix(cron:session): session opened for user root(uid=0) by (uid=0)
Jul 28 00:17:01 Kuntputer CRON[6288]: pam_unix(cron:session): session closed for user root
Jul 28 00:19:39 Kuntputer sudo: alekzandar : TTY=pts/0 ; PWD=/mnt/c/Users/Alekz/Projects/Exploratory/Bash_Scripting/Intro ; USER=root ; COMMAND=/usr/bin/apt update
Jul 28 00:19:40 Kuntputer sudo: pam_unix(sudo:session): session opened for user root(uid=0) by (uid=1000)
Jul 28 00:19:43 Kuntputer sudo: pam_unix(sudo:session): session closed for user root
Jul 28 00:19:43 Kuntputer sudo: alekzandar : TTY=pts/0 ; PWD=/mnt/c/Users/Alekz/Projects/Exploratory/Bash_Scripting/Intro ; USER=root ; COMMAND=/usr/bin/apt dist-upgrade
Jul 28 00:19:43 Kuntputer sudo: pam_unix(sudo:session): session opened for user root(uid=0) by (uid=1000)
Jul 28 00:21:09 Kuntputer sudo: pam_unix(sudo:session): session closed for user root
Jul 28 00:23:54 Kuntputer sudo: alekzandar : TTY=pts/0 ; PWD=/mnt/c/Users/Alekz/Projects/Exploratory/Bash_Scripting/Intro ; USER=root ; COMMAND=/usr/bin/apt update
Jul 28 00:23:54 Kuntputer sudo: pam_unix(sudo:session): session opened for user root(uid=0) by (uid=1000)
Jul 28 00:23:55 Kuntputer sudo: pam_unix(sudo:session): session closed for user root
Jul 28 00:23:55 Kuntputer sudo: alekzandar : TTY=pts/0 ; PWD=/mnt/c/Users/Alekz/Projects/Exploratory/Bash_Scripting/Intro ; USER=root ; COMMAND=/usr/bin/apt dist-upgrade
Jul 28 00:23:55 Kuntputer sudo: pam_unix(sudo:session): session opened for user root(uid=0) by (uid=1000)
Jul 28 00:23:56 Kuntputer sudo: pam_unix(sudo:session): session closed for user root
Jul 28 00:24:10 Kuntputer sudo: alekzandar : TTY=pts/0 ; PWD=/mnt/c/Users/Alekz/Projects/Exploratory/Bash_Scripting/Intro ; USER=root ; COMMAND=/usr/bin/apt update
Jul 28 00:24:10 Kuntputer sudo: pam_unix(sudo:session): session opened for user root(uid=0) by (uid=1000)
Jul 28 00:24:11 Kuntputer sudo: pam_unix(sudo:session): session closed for user root
Jul 28 00:24:11 Kuntputer sudo: alekzandar : TTY=pts/0 ; PWD=/mnt/c/Users/Alekz/Projects/Exploratory/Bash_Scripting/Intro ; USER=root ; COMMAND=/usr/bin/apt dist-upgrade
Jul 28 00:24:11 Kuntputer sudo: pam_unix(sudo:session): session opened for user root(uid=0) by (uid=1000)
Jul 28 00:24:12 Kuntputer sudo: pam_unix(sudo:session): session closed for user root
Jul 28 00:29:42 Kuntputer sudo: alekzandar : TTY=pts/0 ; PWD=/mnt/c/Users/Alekz/Projects/Exploratory/Bash_Scripting/Intro ; USER=root ; COMMAND=/usr/bin/apt update
Jul 28 00:29:42 Kuntputer sudo: pam_unix(sudo:session): session opened for user root(uid=0) by (uid=1000)
Jul 28 00:29:43 Kuntputer sudo: pam_unix(sudo:session): session closed for user root
Jul 28 00:29:43 Kuntputer sudo: alekzandar : TTY=pts/0 ; PWD=/mnt/c/Users/Alekz/Projects/Exploratory/Bash_Scripting/Intro ; USER=root ; COMMAND=/usr/bin/apt dis-upgrade
Jul 28 00:29:43 Kuntputer sudo: pam_unix(sudo:session): session opened for user root(uid=0) by (uid=1000)
Jul 28 00:29:43 Kuntputer sudo: pam_unix(sudo:session): session closed for user root
Jul 28 01:17:01 Kuntputer CRON[25792]: pam_unix(cron:session): session opened for user root(uid=0) by (uid=0)
Jul 28 01:17:01 Kuntputer CRON[25792]: pam_unix(cron:session): session closed for user root
Jul 28 13:17:01 Kuntputer CRON[44783]: pam_unix(cron:session): session opened for user root(uid=0) by (uid=0)
Jul 28 13:17:01 Kuntputer CRON[44783]: pam_unix(cron:session): session closed for user root
Jul 28 20:17:01 Kuntputer CRON[64861]: pam_unix(cron:session): session opened for user root(uid=0) by (uid=0)
Jul 28 20:17:01 Kuntputer CRON[64861]: pam_unix(cron:session): session closed for user root
