["2024-07-28T00:19:40.090", "DEBUG", "ubuntupro.config", "parse_config", 633, "Using client configuration file at /etc/ubuntu-advantage/uaclient.conf", {}]
["2024-07-28T00:19:40.090", "DEBUG", "ubuntupro.system", "load_file", 517, "Reading file: /etc/ubuntu-advantage/uaclient.conf", {}]
["2024-07-28T00:19:40.091", "DEBUG", "ubuntupro.files.files", "read", 60, "Tried to load /var/lib/ubuntu-advantage/user-config.json but file does not exist", {}]
["2024-07-28T00:19:40.091", "DEBUG", "ubuntupro.system", "load_file", 517, "Reading file: /etc/os-release", {}]
["2024-07-28T00:19:40.093", "DEBUG", "ubuntupro.system", "ensure_folder_absent", 729, "Tried to remove /var/lib/ubuntu-advantage/apt-esm/ but folder does not exist", {}]
["2024-07-28T00:19:40.093", "DEBUG", "ubuntupro.config", "parse_config", 633, "Using client configuration file at /etc/ubuntu-advantage/uaclient.conf", {}]
["2024-07-28T00:19:40.093", "DEBUG", "ubuntupro.system", "create_file", 523, "Creating file: /var/lib/ubuntu-advantage/apt-esm/etc/apt/sources.list", {}]
["2024-07-28T00:19:40.093", "DEBUG", "ubuntupro.system", "load_file", 517, "Reading file: /etc/ubuntu-advantage/uaclient.conf", {}]
["2024-07-28T00:19:40.093", "DEBUG", "ubuntupro.system", "create_file", 523, "Creating file: /var/lib/ubuntu-advantage/apt-esm/var/lib/dpkg/status", {}]
["2024-07-28T00:19:40.094", "DEBUG", "ubuntupro.files.files", "read", 60, "Tried to load /var/lib/ubuntu-advantage/user-config.json but file does not exist", {}]
["2024-07-28T00:19:40.094", "DEBUG", "ubuntupro.files.files", "read", 60, "Tried to load /var/lib/ubuntu-advantage/private/machine-token.json but file does not exist", {}]
["2024-07-28T00:19:40.101", "DEBUG", "ubuntupro.config", "read_cache", 451, "File does not exist: /var/lib/ubuntu-advantage/status.json", {}]
["2024-07-28T00:19:40.101", "DEBUG", "ubuntupro.files.files", "read", 60, "Tried to load /var/lib/ubuntu-advantage/private/machine-token.json but file does not exist", {}]
["2024-07-28T00:19:40.101", "WARNING", "ubuntupro.system", "get_kernel_info", 147, "failed to process /proc/version_signature.", {}]
["2024-07-28T00:19:40.102", "WARNING", "ubuntupro.system", "get_kernel_info", 156, "Failed to parse kernel: 5.15.153.1-microsoft-standard-WSL2", {}]
["2024-07-28T00:19:40.151", "DEBUG", "ubuntupro.files.files", "read", 60, "Tried to load /var/lib/ubuntu-advantage/private/machine-token.json but file does not exist", {}]
["2024-07-28T00:19:40.151", "DEBUG", "ubuntupro.http", "readurl", 348, "URL [GET]: https://contracts.canonical.com/v1/resources?architecture=amd64&kernel=5.15.153.1-microsoft-standard-WSL2&series=jammy&virt=wsl, headers: {'accept': 'application/json', 'content-type': 'application/json', 'user-agent': 'UA-Client/30~22.04'}, data: None", {}]
["2024-07-28T00:19:40.151", "DEBUG", "ubuntupro.http", "should_use_pycurl", 207, "Should use pycurl: False", {}]
["2024-07-28T00:19:40.507", "DEBUG", "ubuntupro.http", "readurl", 388, "URL [GET] response: https://contracts.canonical.com/v1/resources?architecture=amd64&kernel=5.15.153.1-microsoft-standard-WSL2&series=jammy&virt=wsl, headers: {'accept-ranges': 'bytes', 'cache-control': 'no-store, max-age=0', 'connection': 'close', 'content-length': '883', 'content-type': 'application/json', 'date': 'Sun, 28 Jul 2024 06:19:40 GMT', 'server': 'nginx/1.18.0 (Ubuntu)', 'strict-transport-security': 'max-age=15724800; includeSubDomains', 'x-cache-status': 'MISS from content-cache-il3/4', 'x-trace-id': '5b89e598-bb30-4fd2-b038-c9362f5cda93'}, data: {'resources': [{'available': True, 'name': 'anbox-cloud'}, {'available': True, 'name': 'anbox-images'}, {'available': True, 'name': 'cc'}, {'available': False, 'name': 'cc-eal'}, {'available': True, 'name': 'cis', 'presentedAs': 'usg'}, {'available': False, 'name': 'esm'}, {'available': True, 'name': 'esm-apps'}, {'available': False, 'name': 'esm-apps-python'}, {'available': True, 'name': 'esm-infra'}, {'available': False, 'name': 'esm-infra-legacy'}, {'available': False, 'name': 'esm-python'}, {'available': False, 'name': 'esm-ros'}, {'available': False, 'name': 'fips'}, {'available': True, 'name': 'fips-preview'}, {'available': True, 'name': 'fips-updates'}, {'available': False, 'name': 'landscape'}, {'available': True, 'name': 'livepatch'}, {'available': True, 'name': 'livepatch-onprem'}, {'available': True, 'name': 'realtime-kernel'}, {'available': False, 'name': 'ros'}, {'available': False, 'name': 'ros-updates'}, {'available': True, 'name': 'support'}]}", {}]
["2024-07-28T00:19:40.507", "DEBUG", "ubuntupro.status", "_unattached_status", 295, "Ignoring availability of unknown service anbox-images from contract server", {}]
["2024-07-28T00:19:40.507", "DEBUG", "ubuntupro.status", "_unattached_status", 295, "Ignoring availability of unknown service cc from contract server", {}]
["2024-07-28T00:19:40.507", "DEBUG", "ubuntupro.status", "_unattached_status", 295, "Ignoring availability of unknown service esm from contract server", {}]
["2024-07-28T00:19:40.507", "DEBUG", "ubuntupro.status", "_unattached_status", 295, "Ignoring availability of unknown service esm-apps-python from contract server", {}]
["2024-07-28T00:19:40.507", "DEBUG", "ubuntupro.status", "_unattached_status", 295, "Ignoring availability of unknown service esm-infra-legacy from contract server", {}]
["2024-07-28T00:19:40.507", "DEBUG", "ubuntupro.status", "_unattached_status", 295, "Ignoring availability of unknown service esm-python from contract server", {}]
["2024-07-28T00:19:40.507", "DEBUG", "ubuntupro.status", "_unattached_status", 295, "Ignoring availability of unknown service esm-ros from contract server", {}]
["2024-07-28T00:19:40.507", "DEBUG", "ubuntupro.livepatch", "status", 126, "canonical-livepatch is not installed", {}]
["2024-07-28T00:19:40.507", "WARNING", "ubuntupro.livepatch", "on_supported_kernel", 322, "unable to determine enough kernel information to check livepatch support", {}]
["2024-07-28T00:19:40.507", "DEBUG", "ubuntupro.status", "_unattached_status", 295, "Ignoring availability of unknown service livepatch-onprem from contract server", {}]
["2024-07-28T00:19:40.507", "DEBUG", "ubuntupro.status", "_unattached_status", 295, "Ignoring availability of unknown service support from contract server", {}]
["2024-07-28T00:19:40.508", "DEBUG", "ubuntupro.system", "write_file", 556, "Writing file /var/lib/ubuntu-advantage/status.json atomically via tempfile /var/lib/ubuntu-advantage/tmprawdp92m", {}]
["2024-07-28T00:19:40.508", "DEBUG", "ubuntupro.files.files", "read", 60, "Tried to load /var/lib/ubuntu-advantage/private/machine-token.json but file does not exist", {}]
["2024-07-28T00:19:40.508", "DEBUG", "ubuntupro.system", "write_file", 556, "Writing file /var/lib/ubuntu-advantage/apt-esm/etc/apt/sources.list.d/ubuntu-esm-apps.list atomically via tempfile /var/lib/ubuntu-advantage/apt-esm/etc/apt/sources.list.d/tmpzseip5xh", {}]
["2024-07-28T00:19:40.508", "DEBUG", "ubuntupro.gpg", "export_gpg_key", 20, "Exporting GPG key /usr/share/keyrings/ubuntu-pro-esm-apps.gpg", {}]
["2024-07-28T00:19:41.017", "DEBUG", "ubuntupro.apt", "done", 872, "Fetched ESM Apt Cache item: gpgv:/var/lib/ubuntu-advantage/apt-esm/var/lib/apt/lists/partial/esm.ubuntu.com_apps_ubuntu_dists_jammy-apps-security_InRelease", {}]
["2024-07-28T00:19:41.051", "DEBUG", "ubuntupro.apt", "done", 872, "Fetched ESM Apt Cache item: gpgv:/var/lib/ubuntu-advantage/apt-esm/var/lib/apt/lists/partial/esm.ubuntu.com_apps_ubuntu_dists_jammy-apps-security_InRelease", {}]
["2024-07-28T00:19:41.131", "DEBUG", "ubuntupro.apt", "done", 872, "Fetched ESM Apt Cache item: gpgv:/var/lib/ubuntu-advantage/apt-esm/var/lib/apt/lists/partial/esm.ubuntu.com_apps_ubuntu_dists_jammy-apps-updates_InRelease", {}]
["2024-07-28T00:19:41.156", "DEBUG", "ubuntupro.apt", "done", 872, "Fetched ESM Apt Cache item: gpgv:/var/lib/ubuntu-advantage/apt-esm/var/lib/apt/lists/partial/esm.ubuntu.com_apps_ubuntu_dists_jammy-apps-updates_InRelease", {}]
["2024-07-28T00:19:41.449", "DEBUG", "ubuntupro.apt", "done", 872, "Fetched ESM Apt Cache item: store:/var/lib/ubuntu-advantage/apt-esm/var/lib/apt/lists/partial/esm.ubuntu.com_apps_ubuntu_dists_jammy-apps-security_main_binary-amd64_Packages.gz", {}]
["2024-07-28T00:19:41.451", "DEBUG", "ubuntupro.apt", "done", 872, "Fetched ESM Apt Cache item: store:/var/lib/ubuntu-advantage/apt-esm/var/lib/apt/lists/partial/esm.ubuntu.com_apps_ubuntu_dists_jammy-apps-security_main_binary-amd64_Packages.gz", {}]
["2024-07-28T00:19:41.552", "DEBUG", "ubuntupro.apt", "done", 872, "Fetched ESM Apt Cache item: store:/var/lib/ubuntu-advantage/apt-esm/var/lib/apt/lists/partial/esm.ubuntu.com_apps_ubuntu_dists_jammy-apps-updates_main_binary-amd64_Packages.gz", {}]
["2024-07-28T00:19:41.552", "DEBUG", "ubuntupro.apt", "done", 872, "Fetched ESM Apt Cache item: store:/var/lib/ubuntu-advantage/apt-esm/var/lib/apt/lists/partial/esm.ubuntu.com_apps_ubuntu_dists_jammy-apps-updates_main_binary-amd64_Packages.gz", {}]
["2024-07-28T00:19:48.585", "DEBUG", "ubuntupro.system", "load_file", 517, "Reading file: /run/ubuntu-advantage//aptnews.json", {}]
["2024-07-28T00:19:48.587", "DEBUG", "ubuntupro.system", "load_file", 517, "Reading file: /etc/os-release", {}]
["2024-07-28T00:19:48.588", "DEBUG", "ubuntupro.apt_news", "select_message", 147, "msg selectors don't apply: AptNewsMessage{'begin': datetime.datetime(2024, 7, 3, 0, 0, tzinfo=datetime.timezone.utc), 'end': None, 'selectors': {'codenames': ['noble'], 'clouds': None, 'pro': None}, 'lines': ['OpenSSH CVE-2024-6387 fix is available for all affected Ubuntu releases.', 'RegreSSHion: Possible RCE Due To A Race Condition In Signal Handling.', 'For more details see: https://ubuntu.com/blog/ubuntu-regresshion-security-fix']}", {}]
["2024-07-28T00:19:48.588", "DEBUG", "ubuntupro.apt_news", "select_message", 147, "msg selectors don't apply: AptNewsMessage{'begin': datetime.datetime(2024, 7, 3, 0, 0, tzinfo=datetime.timezone.utc), 'end': None, 'selectors': {'codenames': ['mantic'], 'clouds': None, 'pro': None}, 'lines': ['OpenSSH CVE-2024-6387 fix is available for all affected Ubuntu releases.', 'RegreSSHion: Possible RCE Due To A Race Condition In Signal Handling.', 'For more details see: https://ubuntu.com/blog/ubuntu-regresshion-security-fix']}", {}]
["2024-07-28T00:19:48.588", "DEBUG", "ubuntupro.apt_news", "fetch_and_process_apt_news", 171, "using msg: AptNewsMessage{'begin': datetime.datetime(2024, 7, 3, 0, 0, tzinfo=datetime.timezone.utc), 'end': None, 'selectors': {'codenames': ['jammy'], 'clouds': None, 'pro': None}, 'lines': ['OpenSSH CVE-2024-6387 fix is available for all affected Ubuntu releases.', 'RegreSSHion: Possible RCE Due To A Race Condition In Signal Handling.', 'For more details see: https://ubuntu.com/blog/ubuntu-regresshion-security-fix']}", {}]
["2024-07-28T00:19:48.588", "DEBUG", "ubuntupro.system", "write_file", 556, "Writing file /var/lib/ubuntu-advantage/messages/apt-news-raw atomically via tempfile /var/lib/ubuntu-advantage/messages/tmpsr085oc5", {}]
["2024-07-28T00:19:48.588", "DEBUG", "ubuntupro.system", "write_file", 556, "Writing file /var/lib/ubuntu-advantage/messages/apt-news atomically via tempfile /var/lib/ubuntu-advantage/messages/tmpq4lkclei", {}]
